TN:
SF:/media/shailesh/Home/projects/atom/components/t-homepage-deal/t-homepage-deal.html
FN:150,(anonymous_1)
FN:158,(anonymous_2)
FN:164,(anonymous_3)
FN:166,(anonymous_4)
FN:178,(anonymous_5)
FN:192,(anonymous_6)
FN:199,(anonymous_7)
FN:203,(anonymous_8)
FN:207,(anonymous_9)
FN:218,(anonymous_10)
FNF:10
FNH:10
FNDA:28,(anonymous_1)
FNDA:320,(anonymous_2)
FNDA:8,(anonymous_3)
FNDA:8,(anonymous_4)
FNDA:6,(anonymous_5)
FNDA:1,(anonymous_6)
FNDA:320,(anonymous_7)
FNDA:960,(anonymous_8)
FNDA:640,(anonymous_9)
FNDA:14,(anonymous_10)
DA:98,1
DA:151,28
DA:152,27
DA:153,1
DA:154,0
DA:155,1
DA:159,320
DA:160,280
DA:161,40
DA:165,8
DA:166,8
DA:167,8
DA:179,6
DA:180,6
DA:181,0
DA:182,6
DA:193,1
DA:194,1
DA:195,0
DA:196,1
DA:200,320
DA:204,960
DA:208,640
DA:209,600
DA:211,40
DA:212,18
DA:215,22
DA:219,14
DA:220,14
DA:221,0
DA:222,14
LF:31
LH:27
BRDA:151,1,0,27
BRDA:151,1,1,1
BRDA:153,2,0,0
BRDA:153,2,1,1
BRDA:159,3,0,280
BRDA:159,3,1,40
BRDA:180,4,0,0
BRDA:180,4,1,6
BRDA:194,5,0,0
BRDA:194,5,1,1
BRDA:200,6,0,320
BRDA:200,6,1,40
BRDA:208,7,0,600
BRDA:208,7,1,40
BRDA:208,8,0,640
BRDA:208,8,1,80
BRDA:211,9,0,18
BRDA:211,9,1,22
BRDA:220,10,0,0
BRDA:220,10,1,14
BRF:20
BRH:16
end_of_record
