TN:
SF:/media/shailesh/Home/projects/atom/components/t-homepage-deal/t-homepage-deal.html
FN:149,(anonymous_1)
FN:157,(anonymous_2)
FN:163,(anonymous_3)
FN:165,(anonymous_4)
FN:177,(anonymous_5)
FN:191,(anonymous_6)
FN:198,(anonymous_7)
FN:202,(anonymous_8)
FN:206,(anonymous_9)
FN:217,(anonymous_10)
FNF:10
FNH:10
FNDA:30,(anonymous_1)
FNDA:320,(anonymous_2)
FNDA:8,(anonymous_3)
FNDA:8,(anonymous_4)
FNDA:7,(anonymous_5)
FNDA:1,(anonymous_6)
FNDA:320,(anonymous_7)
FNDA:960,(anonymous_8)
FNDA:640,(anonymous_9)
FNDA:15,(anonymous_10)
DA:98,1
DA:150,30
DA:151,29
DA:152,1
DA:153,0
DA:154,1
DA:158,320
DA:159,280
DA:160,40
DA:164,8
DA:165,8
DA:166,8
DA:178,7
DA:179,7
DA:180,0
DA:181,7
DA:192,1
DA:193,1
DA:194,0
DA:195,1
DA:199,320
DA:203,960
DA:207,640
DA:208,600
DA:210,40
DA:211,18
DA:214,22
DA:218,15
DA:219,15
DA:220,0
DA:221,15
LF:31
LH:27
BRDA:150,1,0,29
BRDA:150,1,1,1
BRDA:152,2,0,0
BRDA:152,2,1,1
BRDA:158,3,0,280
BRDA:158,3,1,40
BRDA:179,4,0,0
BRDA:179,4,1,7
BRDA:193,5,0,0
BRDA:193,5,1,1
BRDA:199,6,0,320
BRDA:199,6,1,40
BRDA:207,7,0,600
BRDA:207,7,1,40
BRDA:207,8,0,640
BRDA:207,8,1,80
BRDA:210,9,0,18
BRDA:210,9,1,22
BRDA:219,10,0,0
BRDA:219,10,1,15
BRF:20
BRH:16
end_of_record
